7 da50c951-1635-41ec-b0c3-2198b8362d6a
14 bbbcba8b-672d-445d-9b8c-9080fd1e48c9
14 0627ff3f-d630-4221-8d58-4dcb00ca5b95
0 b3ab9d68-682a-4e4c-a4a5-47437a3a0460
0 889a53fd-73d7-4285-8f42-68ef9492cf52
0 0d2ce35c-326e-4e4b-990d-99c2c0362a5a
0 54dfe092-d88a-4a84-96ad-3a9647d84922
14 f26bb48f-cf07-473d-9d97-03caa786c5a7
7 9b5cf59f-fafd-4d43-b1c3-e8c36c445421
7 847e8f86-1868-4f02-b845-2037de8d1be1
7 64b0ad40-d63f-45ba-a296-5551a6985691
14 27d7741c-cfb0-41cb-a9df-e6e3b9201af9
20 ce9cfaf6-b184-4849-9764-81eb0920f436
7 296f90c8-cd1f-459d-8df5-5a7d55d60e55
0 2bfa8acc-ad27-4d61-80c4-8ad50be6a0bc
7 c67d9f7b-543b-46ca-938f-ea375bea6534
14 1c744247-c387-4228-a74f-af2b938306ec
14 e0cf156d-c15f-43da-a235-0f403657aaf5
0 bb2c06e5-caec-43ce-a7b5-55060b1dc2f1
0 8fbe24d7-3772-431b-ae2e-749be43ca787
0 41daa110-aca5-4ab2-9ba6-43379ac040c8
14 d43efd54-2401-4667-b14d-4d21c7bce5c2
7 ca82f462-2731-4fd6-b442-47ea0b047d75
14 a050e1af-15db-4e31-b1f5-cf69ca703350
7 fff2316c-add0-4a2d-b8e8-dce6f7897749
7 c73e7ef5-05b7-46fc-8b4d-ecfbbb26c323
0 306368b8-6537-45fb-b0ec-8172e1809c0d
14 05e791e5-d401-4c18-bc2f-047a712fd48b
14 160b60b3-50fe-4ae9-919a-03d6cedb03b5
0 c1cf7abd-973d-4abb-8bc2-c317969c998a
14 98dbad96-8b2f-469d-84d0-064115b38e85
7 b898ff2a-5149-4870-a6ae-b64e6a6b40ad
7 6e18717a-0bcf-4a37-9063-2288928bc2dd
14 3bb5377a-901e-4acc-97f5-75e1abe16a79
14 636bff39-98a0-48d9-8cfb-12f5c0235321
21 9ca7fbd4-2fa4-4b69-8ebf-f3538840dfe1
7 557508f3-bf5e-42b1-8a73-c4b14f84ae7a
0 cee1b503-cb0c-4488-81fa-e8f1bca5d89f
14 947af94f-81b9-4ef3-b0e3-f1dbb27b6275
0 7d171a37-db32-48c2-bff7-2bb56be7493b
0 eeea0f08-22b1-4a7f-bab5-28c3923d017a
7 95b661bf-1071-44bd-b1e6-0faae61ceefe
7 1c2de6f2-8c01-4e06-8a62-caf79520dab4
7 03989ef9-1dbc-48d0-adc4-98696515d6e6
0 65073576-8c72-4811-a6b6-6228f2755c4a
7 583c780e-b0a3-4ff6-a932-81d6875bc4ed
14 443c3f6b-95b4-4e22-8403-9b5874c07a40
14 dd8d1de4-969c-42de-bf97-05914da423c3
7 869b2794-53e3-4eaf-b8c4-6ce763e72f40
0 2ffbbf9d-836d-4c0f-93e2-06354a55fdff
0 a20d2fdf-f912-49d6-b1df-1583da12096e
14 18ed92d2-cb75-4591-ba37-b53fa1a4d5d7
0 4994ca8d-fdf0-4389-a1a5-04b9cecad750
0 2ac360f4-99e3-4073-a357-2d5e09d000ea
21 db60cacf-9b9b-420a-9868-850b9e7dba49
7 0470dd52-1f10-48dc-99c9-b8b8ff4a72c9
0 683e99b1-3516-4d13-b708-9de6011e130a
0 7b90612c-e09e-4ffa-895f-d362377523e1
21 b1c8473b-07fc-4cfb-ac78-c214f35ce9c0
7 d769dddd-1a5c-4e8b-b3af-c9bc5f69c6ab
7 afbc93a9-d44a-4e5b-9b41-0c79cb6b39ef
0 1603795a-2334-45af-be9e-ee047aeba421
14 6ea9d061-60b6-4080-bec0-b5241726e0b2
0 af637787-bc34-4855-bc00-9d642e0d44f2
0 19243023-c01f-44b7-8940-f37b0db70556
14 0adcb4b3-2e96-488a-ab0e-e4509a66bbe9
0 c4293d40-6445-41da-9bc3-6f5fc5fa246c
0 d1b493e6-fbcc-4d30-baf3-15419a7b9616
0 5b9fecdb-d9e6-42d4-b4ef-d897ed909f4a
14 7f549162-2ca2-4e56-94e3-d671c04663df
7 502e6245-eb45-46fa-98ee-1ab74863d02c
7 9a82aee9-1f09-42c4-9e48-725919ccb085
14 659597f9-bfbe-47cb-b788-3e8fad17b685
7 cb95beac-329d-40f1-922e-aa361566a3fc
7 bcdd106c-3ca8-42cd-9e7f-c0bec2256171
7 8fb57a49-1fb5-42dd-969b-399a9f708d3c
14 1276ba1d-67f8-4be5-b59f-ed5e614c23c5
7 b7e9598e-be24-4875-958b-c5068c6e4ba5
7 8ae9c435-99e0-43a3-b8f6-f3a2d58cfcdb
14 9a95ef51-7436-4722-b7e8-30a0b820c9f3
7 a14536f7-6fe2-4fe5-8141-7dd5240f228e
7 48a8979f-93e9-4a3d-a56f-e3f648977629
0 4f0b48a2-e21b-43f7-8f10-60c5190d4206
0 096238f9-a4c6-4d59-9d3d-e44735c4c61e
0 1baffc1b-b70c-457a-a60b-47c5ffcd002e
0 591387f3-91ab-494f-9ba6-6deba10b452e
14 56fce45e-43a8-44ba-9f45-be6296396f3b
7 acbdedd3-5f4e-41c5-909a-e3a79bcea83a
7 8e6eb58a-746f-4089-aa69-b2ee86a21908
7 de2e6cae-3d88-4f9c-a885-8d6fb83fb89c
14 5f67ac95-3c54-43da-b4ff-3b740dd0e81c
14 646a3af3-f999-4a18-9188-12b18234df0a
21 7eb7e333-ee4b-4e41-9967-5ae7b6e3ea2c
21 bbc9f0dd-0e1b-40d2-91ac-22b8ac5dabf7
14 38ccb830-ea4a-4b85-8641-53ae23223905
14 dd2008ea-7f4e-4b79-88d2-757a5ae20ee8
21 94e78316-7bce-4c23-8bf6-0fa7f801dfe4
14 bb6dac48-61d8-42a2-964c-70ab51f70531
0 ec1bf9e6-535f-4a61-8447-62726730821f
7 5bb52c40-f4c7-4ae5-afa8-f7da6aad839e
0 fbb33118-f4c8-4db8-827d-91452f5c02b1
7 af3a0429-06c5-4f56-9073-61eeee5b7493
7 f2e8b810-e66b-4e79-8d6a-66c4841e6503
7 6984c93e-d34b-4df5-a5a7-1bf2e0e2c8b2
7 261cfbff-8d14-472d-9267-51fd58734614
7 f2f5083e-22ff-4432-97c5-c625e61485c0
14 01df79aa-ba0f-4293-b69e-7d83692fb00d
7 22f9b279-2abd-42c8-87dc-377a42f5b167
21 cfbdf83a-7f3c-4088-9a4d-a2dcf484e932
7 b2c3a915-9ba0-40c2-a5a8-fee1d087ac98
7 cd565688-d695-443f-83b6-9dd2dd4a8cf2
7 6fe077c5-5dac-431e-9423-fa5832a19002
7 20b2c739-4a55-4bb1-bf6e-d95393d7e6d7
21 79eb4593-3245-4d19-8ac3-7840710d018c
14 070a5d64-f117-4492-8cf8-52fd0a537593
14 5e6bf482-f1a3-48b5-888c-58d106c2f32b
7 25d8b513-21dc-450a-ac0e-e26c9bc4487f
14 879c3e80-d1f3-420f-a9a4-0b66f6a10e1e
14 d995e550-8b0c-465d-93b5-84f7fe9db391
14 8b144f5d-511c-4c91-9a81-37c5fbb8ff03
7 052f839a-70c8-449e-b6f6-f874ad7d3877
7 f8031bcc-3420-4089-9dab-c4e6a0014cb9
7 95646df0-04f5-44a1-a1e4-f7dbbbf2ea78
21 8442e91f-85cb-4d09-afa2-7ee4f0b1d58d
0 9e8db66c-9f05-4da4-bb2f-d08f3d5f0cae
14 db1def7b-6dce-4c90-95dc-81ee4a1ff9a7
7 aedf6ab8-f488-4cd7-8d13-607c709a7380
14 ab7962e0-8d73-4c40-9865-4d6eb9bc879d
21 3dd9a36d-a0aa-428b-ad11-2b7bd3f463b5
7 888f5bb4-56c9-4402-8498-07acc0d77bf9
7 c0c9e95c-7308-43bd-9690-c39f7c97ee42
7 108b2c5b-9ae0-486e-9316-08cc195f4b1f
14 f18f3f0f-f24b-4b7c-a327-725034265199
14 36ed791a-55b4-4b06-b167-a15eac01c712
7 741e8ad6-53f8-4c14-bdc6-7185e57c197b
7 97fb3e0c-4df0-4689-9ed8-f75470a44ed3
7 b6700439-ed01-4923-a734-5f343cb5089a
14 9cfe8947-3359-48b3-9e3a-59c2d7abfc21
7 6646be07-2c6f-4ba6-80d7-2e02f3c78996
7 59954c81-f3af-4fa2-b9bf-34bba76df642
14 43220044-3e0e-4ba8-a656-70fffeb2df86
7 d5fcc93a-61cb-4bc3-bada-6254b74e2bb4
7 7967abde-836c-4a1e-ae1b-bbd419426db7
7 ea1a97d3-7218-4a90-9a12-ff0700acb053
14 fe3735bf-f5b9-4a45-9f9d-f50fefd5eb0b
14 518a81df-1375-4661-8ecb-894b372e2e2b
7 80324669-ca2a-4e16-a7dd-c3b8a8291886
7 308774ad-60c8-49d1-9a96-d4c058d12989
14 352c6264-672f-4872-af66-7f918348a397
7 a4088c02-8c3a-47a2-b21d-e4fd49207495
7 407f9fd8-4b7d-4365-b0ce-d2be621e10dd
14 ce752270-d857-4585-8077-f2b8bfcd96f3
21 9754630c-2d55-4e16-a429-acbae3f9edd2
7 b954ea62-0b73-45ee-8d23-d3c484702aa7
7 6fb75555-c1b3-4146-a526-3a84fd48c48b
7 c0e2c6aa-052e-418c-966f-625b65896a05
14 3e54d9d9-ef2c-47c1-92fb-4f91b937134a
0 8937cc91-b30c-4b70-88e6-a2e0f3d1ddcd
0 20b511fb-f66a-4e27-9096-23108fdfe45c
14 476a5557-e683-4a75-b483-2d36fbef5a92
7 95e634a6-4cc1-4747-950f-529ad94e414a
0 5e4871c4-1ddb-454a-ba3f-fb72046c5d5a
0 fcaba18e-0f5f-45ba-9443-1c6618d7ab70
0 b7928ffd-79f6-42d9-bbc8-e42fac8d8c40
0 c032cdf7-fe08-4820-8234-24b8fcb4a296
14 207c48e1-3146-4df0-9f08-b5d0896b1f99
0 8299633e-b9d0-4eeb-a3b0-fbeba73650b8
7 7b770c09-7993-4c76-ae5b-2591c5647254
7 012f54ba-5713-471e-b821-59922edf2fa5
7 cb42700e-aaaf-4c3b-9e10-1cc84365a910
7 b639057e-125e-4a3e-84fb-156115540271
14 5f4526ea-b323-4412-a8a0-c470c7f7c67b
7 1a45d9c5-e743-4c3a-aea7-422aa71fb408
0 6f473c27-e8d1-4cba-bb77-a9aa403e113d
14 912542bc-4cb6-4055-bcca-e44ce29bd743
14 f5bd3607-9090-44ef-9cc0-989d17568c47
14 110a9ce6-a8a7-4eeb-bafe-f4f36802f9e2
7 9e97d05c-9962-4f4e-8510-63024c218f37
0 7f4c79b6-fd7f-4e7e-a3cc-0468a69cfd0f
14 6c3fbd98-da04-48ab-ad95-bf5308694d4b
7 ca538119-5769-454a-acf7-56a323ac53c6
0 347b3f65-069b-4cfa-b9f5-034d25568525
0 b9836efb-f985-4cee-a44e-1786866341d5
0 ce7812d1-8795-41b7-8589-a3e100ac0401
0 27ea3de7-8462-44df-a60b-0aa5ce144811
7 3595aa53-650a-4243-b841-9f57826b156a
0 02f8516a-73f4-4363-a91d-6151fb39d7ae
0 cfdb6f8b-af9b-4da5-81de-2cd9972b662d
7 eeb7d047-b0f6-4252-8329-902a3735d8eb
0 3a07945c-0107-4498-a9a0-76d9b2e73142
14 e86cf2a0-5273-4d45-8b77-a08ace16115a
0 16fce4f3-9158-43cb-8e39-b6c52ce9989c
7 420ed920-497f-4310-9b3b-b7255480a2bb
0 63bbbb8e-6e21-4ed1-afa4-c54da5bbb95e
7 e1101a7a-b8a1-42e8-8869-340f8bc0403b
0 ec58b185-baa1-43cf-9416-2929d753eb0e
0 056a7221-c0ea-45e1-92a2-46d2687bfa93
14 7f646240-3ce9-411c-87c4-b2dfcb67f4be
7 fce65fbb-6085-49e9-b60b-1240027bef2d
0 093764ca-d577-4c54-b1b9-310e557064e6
0 6716e7b4-0d78-4c2d-bd1c-5ce6b38b0ce5
7 bbe2ad2c-7698-4f51-9c5c-49e1666ce178
0 369039e9-ddc4-4b7b-ab8c-255dea4a0bb7
14 b4dc4890-da0c-4796-a0f7-980ca7813b66
0 1d56ee46-3c7c-434f-b504-f25ea81efedd
0 d4f35d82-7acd-4854-ac4b-efb3f00646e9
